<?xml version="1.0" encoding="UTF-8"?>
<testsuite name="ppurio.brothers.PpurioApplicationTests" tests="1" skipped="0" failures="0" errors="0" timestamp="2024-10-13T11:01:42" hostname="DESKTOP-GD3SP7B" time="1.148">
  <properties/>
  <testcase name="contextLoads()" classname="ppurio.brothers.PpurioApplicationTests" time="1.148"/>
  <system-out><![CDATA[20:01:39.562 [Test worker] INFO org.springframework.test.context.support.AnnotationConfigContextLoaderUtils -- Could not detect default configuration classes for test class [ppurio.brothers.PpurioApplicationTests]: PpurioApplicationTests does not declare any static, non-private, non-final, nested classes annotated with @Configuration.
20:01:39.811 [Test worker] INFO org.springframework.boot.test.context.SpringBootTestContextBootstrapper -- Found @SpringBootConfiguration ppurio.brothers.PpurioApplication for test class ppurio.brothers.PpurioApplicationTests

  .   ____          _            __ _ _
 /\\ / ___'_ __ _ _(_)_ __  __ _ \ \ \ \
( ( )\___ | '_ | '_| | '_ \/ _` | \ \ \ \
 \\/  ___)| |_)| | | | | || (_| |  ) ) ) )
  '  |____| .__|_| |_|_| |_\__, | / / / /
 =========|_|==============|___/=/_/_/_/

 :: Spring Boot ::                (v3.3.4)

2024-10-13T20:01:40.438+09:00  INFO 5692 --- [ppurio] [    Test worker] ppurio.brothers.PpurioApplicationTests   : Starting PpurioApplicationTests using Java 17.0.11 with PID 5692 (started by User in C:\free\brothers)
2024-10-13T20:01:40.438+09:00  INFO 5692 --- [ppurio] [    Test worker] ppurio.brothers.PpurioApplicationTests   : No active profile set, falling back to 1 default profile: "default"
2024-10-13T20:01:41.780+09:00  INFO 5692 --- [ppurio] [    Test worker] r$InitializeUserDetailsManagerConfigurer : Global AuthenticationManager configured with UserDetailsService bean with name inMemoryUserDetailsManager
2024-10-13T20:01:42.616+09:00  INFO 5692 --- [ppurio] [    Test worker] ppurio.brothers.PpurioApplicationTests   : Started PpurioApplicationTests in 2.554 seconds (process running for 5.426)
]]></system-out>
  <system-err><![CDATA[]]></system-err>
</testsuite>
